#
# A fatal error has been detected by the Java Runtime Environment:
#
#  EXCEPTION_ACCESS_VIOLATION (0xc0000005) at pc=0x000001d292db2e78, pid=56960, tid=59440
#
# JRE version: OpenJDK Runtime Environment (15.0.2+7) (build 15.0.2+7-27)
# Java VM: OpenJDK 64-Bit Server VM (15.0.2+7-27, mixed mode, sharing, tiered, compressed oops, g1 gc, windows-amd64)
# Problematic frame:
# j  hashmap.MyHashMap.put(Ljava/lang/Object;Ljava/lang/Object;)V+37
#
# No core dump will be written. Minidumps are not enabled by default on client versions of Windows
#
# If you would like to submit a bug report, please visit:
#   https://bugreport.java.com/bugreport/crash.jsp
#

---------------  S U M M A R Y ------------

Command Line: -agentlib:jdwp=transport=dt_socket,address=127.0.0.1:55007,suspend=y,server=n -ea -Didea.test.cyclic.buffer.size=1048576 -javaagent:C:\Users\jared\AppData\Local\JetBrains\IdeaIC2020.3\captureAgent\debugger-agent.jar -Dfile.encoding=UTF-8 com.intellij.rt.junit.JUnitStarter -ideVersion5 -junit4 hashmap.TestMyHashMap,sanityClearTest

Host: AMD Ryzen 7 3700X 8-Core Processor             , 16 cores, 31G,  Windows 10 , 64 bit Build 18362 (10.0.18362.1350)
Time: Wed Mar 10 20:04:51 2021 Pacific Standard Time elapsed time: 10863.575958 seconds (0d 3h 1m 3s)

---------------  T H R E A D  ---------------

Current thread (0x000001d28ab61af0):  JavaThread "main" [_thread_in_Java, id=59440, stack(0x000000a030800000,0x000000a030900000)]

Stack: [0x000000a030800000,0x000000a030900000],  sp=0x000000a0308fe4c0,  free space=1017k
Native frames: (J=compiled Java code, j=interpreted, Vv=VM code, C=native code)
C  0x000001d292db2e78


siginfo: EXCEPTION_ACCESS_VIOLATION (0xc0000005), reading address 0x000001d8d9045560


Register to memory mapping:

RIP=0x000001d292db2e78 is at code_begin+440 in an Interpreter codelet
fast_igetfield  208 fast_igetfield  [0x000001d292db2cc0, 0x000001d292db2ea0]  480 bytes
RAX=0x00000006206a23d0 is an oop: hashmap.MyHashMap 
{0x00000006206a23d0} - klass: 'hashmap/MyHashMap'
RBX={method} {0x000001d2b89a3198} 'createNode' '(Ljava/lang/Object;Ljava/lang/Object;)Lhashmap/MyHashMap$Node;' in 'hashmap/MyHashMap'
RCX=0x000001d2b89f23e8 is pointing into metadata
RDX=0x000001d28898b928 points into unknown readable memory: 0x000000080010cbd0 | d0 cb 10 00 08 00 00 00
RSP=0x000000a0308fe4c0 is pointing into the stack for thread: 0x000001d28ab61af0
RBP=0x000000a0308fe510 is pointing into the stack for thread: 0x000001d28ab61af0
RSI=0x0 is NULL
RDI=0x0000000003200020 is an unknown value
R8 =0x0000000000000004 is an unknown value
R9 =0x0000000000000004 is an unknown value
R10=0x00007ff9367f7680 jvm.dll
R11={method} {0x000000080010cbd8} 'add' '(Ljava/lang/Object;)Z' in 'java/util/HashSet'
R12=0x0 is NULL
R13=0x000001d2b89a37bd is pointing into metadata
R14=0x000000a0308fe538 is pointing into the stack for thread: 0x000001d28ab61af0
R15=0x000001d28ab61af0 is a thread


Registers:
RAX=0x00000006206a23d0, RBX=0x000001d2b89a3190, RCX=0x000001d2b89f23e8, RDX=0x000001d28898b928
RSP=0x000000a0308fe4c0, RBP=0x000000a0308fe510, RSI=0x0000000000000000, RDI=0x0000000003200020
R8 =0x0000000000000004, R9 =0x0000000000000004, R10=0x00007ff9367f7680, R11=0x000000080010cbd0
R12=0x0000000000000000, R13=0x000001d2b89a37bd, R14=0x000000a0308fe538, R15=0x000001d28ab61af0
RIP=0x000001d292db2e78, EFLAGS=0x0000000000010216

Top of Stack: (sp=0x000000a0308fe4c0)
0x000000a0308fe4c0:   00000006206a23d0 000000a0308fe4c8
0x000000a0308fe4d0:   000001d2b89a37b5 000000a0308fe538
0x000000a0308fe4e0:   000001d2b89f23e8 0000000000000000
0x000000a0308fe4f0:   0000000620400108 000001d2b89a3808
0x000000a0308fe500:   0000000000000000 000000a0308fe528
0x000000a0308fe510:   000000a0308fe588 000001d292d8cda0
0x000000a0308fe520:   000000000030d6e3 0000000620c12770
0x000000a0308fe530:   00000006206db480 00000006206a23d0
0x000000a0308fe540:   000000a0308fe540 000001d2b899de0c
0x000000a0308fe550:   000000a0308fe5a0 000001d2b89a1848
0x000000a0308fe560:   0000000000000000 0000000620b05800
0x000000a0308fe570:   000001d2b899deb8 000000a0308fe528
0x000000a0308fe580:   000000a0308fe5a0 000000a0308fe5f0
0x000000a0308fe590:   000001d292d8cda0 000000000000000d
0x000000a0308fe5a0:   00000006206a23d0 000000a0308fe5a8
0x000000a0308fe5b0:   000001d2b899dd2f 000000a0308fe600 

Instructions: (pc=0x000001d292db2e78)
0x000001d292db2d78:   00 00 00 4d 89 97 10 03 00 00 c5 f8 77 41 8b 8f
0x000001d292db2d88:   2c 04 00 00 f7 c1 01 00 00 00 0f 84 49 00 00 00
0x000001d292db2d98:   f7 c1 02 00 00 00 0f 85 3d 00 00 00 48 83 ec 20
0x000001d292db2da8:   f7 c4 0f 00 00 00 0f 84 1a 00 00 00 48 83 ec 08
0x000001d292db2db8:   49 ba 90 68 0b 36 f9 7f 00 00 41 ff d2 48 83 c4
0x000001d292db2dc8:   08 e9 0d 00 00 00 49 ba 90 68 0b 36 f9 7f 00 00
0x000001d292db2dd8:   41 ff d2 48 83 c4 20 ff e0 49 8b 8f 80 04 00 00
0x000001d292db2de8:   48 85 c9 0f 84 56 00 00 00 8b 49 7c 83 f9 01 0f
0x000001d292db2df8:   85 4a 00 00 00 49 8b 8f 80 04 00 00 8b 89 80 00
0x000001d292db2e08:   00 00 48 83 ec 20 f7 c4 0f 00 00 00 0f 84 1a 00
0x000001d292db2e18:   00 00 48 83 ec 08 49 ba 80 68 0b 36 f9 7f 00 00
0x000001d292db2e28:   41 ff d2 48 83 c4 08 e9 0d 00 00 00 49 ba 80 68
0x000001d292db2e38:   0b 36 f9 7f 00 00 41 ff d2 48 83 c4 20 ff e0 49
0x000001d292db2e48:   81 7f 08 00 00 00 00 0f 84 05 00 00 00 e9 26 e0
0x000001d292db2e58:   fc ff 4c 8b 6d c0 4c 8b 75 c8 c3 58 41 0f b7 5d
0x000001d292db2e68:   01 48 8b 4d d0 c1 e3 02 48 8b 5c d9 30 48 3b 00
0x000001d292db2e78:   8b 04 18 41 0f b6 5d 03 49 83 c5 03 49 ba 10 12
0x000001d292db2e88:   82 36 f9 7f 00 00 41 ff 24 da 66 0f 1f 44 00 00
0x000001d292db2e98:   00 00 00 00 00 00 00 00 00 02 00 00 00 00 00 00
0x000001d292db2ea8:   70 30 5c 36 f9 7f 00 00 d1 00 00 00 00 00 00 00
0x000001d292db2eb8:   00 00 00 00 00 00 00 00 58 49 ba 80 76 7f 36 f9
0x000001d292db2ec8:   7f 00 00 41 8b 0a 85 c9 0f 84 8e 01 00 00 41 0f
0x000001d292db2ed8:   b7 4d 01 c1 e1 05 4c 8b 45 d0 49 83 c0 20 4c 03
0x000001d292db2ee8:   c1 50 48 8b d0 e8 05 00 00 00 e9 6c 01 00 00 48
0x000001d292db2ef8:   8d 44 24 08 4c 89 6d c0 49 8b cf c5 f8 77 49 89
0x000001d292db2f08:   af 18 03 00 00 49 89 87 08 03 00 00 48 83 ec 20
0x000001d292db2f18:   f7 c4 0f 00 00 00 0f 84 1a 00 00 00 48 83 ec 08
0x000001d292db2f28:   49 ba c0 bd 0b 36 f9 7f 00 00 41 ff d2 48 83 c4
0x000001d292db2f38:   08 e9 0d 00 00 00 49 ba c0 bd 0b 36 f9 7f 00 00
0x000001d292db2f48:   41 ff d2 48 83 c4 20 49 ba 00 00 00 00 00 00 00
0x000001d292db2f58:   00 4d 89 97 08 03 00 00 49 ba 00 00 00 00 00 00
0x000001d292db2f68:   00 00 4d 89 97 18 03 00 00 49 ba 00 00 00 00 00 


Stack slot to memory mapping:
stack at sp + 0 slots: 0x00000006206a23d0 is an oop: hashmap.MyHashMap 
{0x00000006206a23d0} - klass: 'hashmap/MyHashMap'
stack at sp + 1 slots: 0x000000a0308fe4c8 is pointing into the stack for thread: 0x000001d28ab61af0
stack at sp + 2 slots: 0x000001d2b89a37b5 is pointing into metadata
stack at sp + 3 slots: 0x000000a0308fe538 is pointing into the stack for thread: 0x000001d28ab61af0
stack at sp + 4 slots: 0x000001d2b89f23e8 is pointing into metadata
stack at sp + 5 slots: 0x0 is NULL
stack at sp + 6 slots: 0x0000000620400108 is an oop: java.lang.Class 
{0x0000000620400108} - klass: 'java/lang/Class'
stack at sp + 7 slots: {method} {0x000001d2b89a3810} 'put' '(Ljava/lang/Object;Ljava/lang/Object;)V' in 'hashmap/MyHashMap'

fast_igetfield  208 fast_igetfield  [0x000001d292db2cc0, 0x000001d292db2ea0]  480 bytes
[MachCode]
  0x000001d292db2cc0: 5849 ba80 | 767f 36f9 | 7f00 0041 | 8b0a 85c9 | 0f84 8e01 | 0000 410f | b74d 01c1 | e105 4c8b 
  0x000001d292db2ce0: 45d0 4983 | c020 4c03 | c150 488b | d0e8 0500 | 0000 e96c | 0100 0048 | 8d44 2408 | 4c89 6dc0 
  0x000001d292db2d00: 498b cfc5 | f877 4989 | af18 0300 | 0049 8987 | 0803 0000 | 4883 ec20 | f7c4 0f00 | 0000 0f84 
  0x000001d292db2d20: 1a00 0000 | 4883 ec08 | 49ba c0bd | 0b36 f97f | 0000 41ff | d248 83c4 | 08e9 0d00 | 0000 49ba 
  0x000001d292db2d40: c0bd 0b36 | f97f 0000 | 41ff d248 | 83c4 2049 | ba00 0000 | 0000 0000 | 004d 8997 | 0803 0000 
  0x000001d292db2d60: 49ba 0000 | 0000 0000 | 0000 4d89 | 9718 0300 | 0049 ba00 | 0000 0000 | 0000 004d | 8997 1003 
  0x000001d292db2d80: 0000 c5f8 | 7741 8b8f | 2c04 0000 | f7c1 0100 | 0000 0f84 | 4900 0000 | f7c1 0200 | 0000 0f85 
  0x000001d292db2da0: 3d00 0000 | 4883 ec20 | f7c4 0f00 | 0000 0f84 | 1a00 0000 | 4883 ec08 | 49ba 9068 | 0b36 f97f 
  0x000001d292db2dc0: 0000 41ff | d248 83c4 | 08e9 0d00 | 0000 49ba | 9068 0b36 | f97f 0000 | 41ff d248 | 83c4 20ff 
  0x000001d292db2de0: e049 8b8f | 8004 0000 | 4885 c90f | 8456 0000 | 008b 497c | 83f9 010f | 854a 0000 | 0049 8b8f 
  0x000001d292db2e00: 8004 0000 | 8b89 8000 | 0000 4883 | ec20 f7c4 | 0f00 0000 | 0f84 1a00 | 0000 4883 | ec08 49ba 
  0x000001d292db2e20: 8068 0b36 | f97f 0000 | 41ff d248 | 83c4 08e9 | 0d00 0000 | 49ba 8068 | 0b36 f97f | 0000 41ff 
  0x000001d292db2e40: d248 83c4 | 20ff e049 | 817f 0800 | 0000 000f | 8405 0000 | 00e9 26e0 | fcff 4c8b | 6dc0 4c8b 
  0x000001d292db2e60: 75c8 c358 | 410f b75d | 0148 8b4d | d0c1 e302 | 488b 5cd9 | 3048 3b00 | 8b04 1841 | 0fb6 5d03 
  0x000001d292db2e80: 4983 c503 | 49ba 1012 | 8236 f97f | 0000 41ff | 24da 660f | 1f44 0000 | 0000 0000 | 0000 0000 
[/MachCode]

---------------  P R O C E S S  ---------------

Threads class SMR info:
_java_thread_list=0x000001d2b8f99c20, length=12, elements={
0x000001d28ab61af0, 0x000001d2b8416090, 0x000001d2b8416a70, 0x000001d2b842d170,
0x000001d2b842fa40, 0x000001d2b8430300, 0x000001d2b8432f10, 0x000001d2b8440d30,
0x000001d2b8441630, 0x000001d2b83fde50, 0x000001d2b8fb4ff0, 0x000001d2b92b06d0
}

Java Threads: ( => current thread )
=>0x000001d28ab61af0 JavaThread "main" [_thread_in_Java, id=59440, stack(0x000000a030800000,0x000000a030900000)]
  0x000001d2b8416090 JavaThread "Reference Handler" daemon [_thread_blocked, id=35788, stack(0x000000a030f00000,0x000000a031000000)]
  0x000001d2b8416a70 JavaThread "Finalizer" daemon [_thread_blocked, id=25120, stack(0x000000a031000000,0x000000a031100000)]
  0x000001d2b842d170 JavaThread "Signal Dispatcher" daemon [_thread_blocked, id=22892, stack(0x000000a031100000,0x000000a031200000)]
  0x000001d2b842fa40 JavaThread "Attach Listener" daemon [_thread_blocked, id=63292, stack(0x000000a031200000,0x000000a031300000)]
  0x000001d2b8430300 JavaThread "Service Thread" daemon [_thread_blocked, id=35380, stack(0x000000a031300000,0x000000a031400000)]
  0x000001d2b8432f10 JavaThread "C2 CompilerThread0" daemon [_thread_blocked, id=48436, stack(0x000000a031400000,0x000000a031500000)]
  0x000001d2b8440d30 JavaThread "C1 CompilerThread0" daemon [_thread_blocked, id=18352, stack(0x000000a031500000,0x000000a031600000)]
  0x000001d2b8441630 JavaThread "Sweeper thread" daemon [_thread_blocked, id=11004, stack(0x000000a031600000,0x000000a031700000)]
  0x000001d2b83fde50 JavaThread "Common-Cleaner" daemon [_thread_blocked, id=55424, stack(0x000000a031700000,0x000000a031800000)]
  0x000001d2b8fb4ff0 JavaThread "JDWP Event Helper Thread" daemon [_thread_blocked, id=40028, stack(0x000000a031d00000,0x000000a031e00000)]
  0x000001d2b92b06d0 JavaThread "Notification Thread" daemon [_thread_blocked, id=54812, stack(0x000000a031f00000,0x000000a032000000)]

Other Threads:
  0x000001d2b84129f0 VMThread "VM Thread" [stack: 0x000000a030e00000,0x000000a030f00000] [id=54696]
  0x000001d2b9295f20 WatcherThread [stack: 0x000000a032000000,0x000000a032100000] [id=47848]
  0x000001d28abd7ef0 GCTaskThread "GC Thread#0" [stack: 0x000000a030900000,0x000000a030a00000] [id=1344]
  0x000001d28abe9de0 ConcurrentGCThread "G1 Main Marker" [stack: 0x000000a030a00000,0x000000a030b00000] [id=32912]
  0x000001d28abeaf80 ConcurrentGCThread "G1 Conc#0" [stack: 0x000000a030b00000,0x000000a030c00000] [id=35652]
  0x000001d28ac1e9a0 ConcurrentGCThread "G1 Refine#0" [stack: 0x000000a030c00000,0x000000a030d00000] [id=66084]
  0x000001d2b830a660 ConcurrentGCThread "G1 Young RemSet Sampling" [stack: 0x000000a030d00000,0x000000a030e00000] [id=37176]

Threads with active compile tasks:

VM state: not at safepoint (normal execution)

VM Mutex/Monitor currently owned by a thread: None

Heap address: 0x0000000601000000, size: 8176 MB, Compressed Oops mode: Zero based, Oop shift amount: 3
CDS archive(s) mapped at: [0x0000000800000000-0x0000000800b50000-0x0000000800b50000), size 11862016, SharedBaseAddress: 0x0000000800000000, ArchiveRelocationMode: 0.
Compressed class space mapped at: 0x0000000800b50000-0x0000000840b50000, size: 1073741824
Narrow klass base: 0x0000000800000000, Narrow klass shift: 3, Narrow klass range: 0x100000000

GC Precious Log:
 CPUs: 16 total, 16 available
 Memory: 32694M
 Large Page Support: Disabled
 NUMA Support: Disabled
 Compressed Oops: Enabled (Zero based)
 Heap Region Size: 4M
 Heap Min Capacity: 8M
 Heap Initial Capacity: 512M
 Heap Max Capacity: 8176M
 Pre-touch: Disabled
 Parallel Workers: 13
 Concurrent Workers: 3
 Concurrent Refinement Workers: 13
 Periodic GC: Disabled

Heap:
 garbage-first heap   total 524288K, used 4096K [0x0000000601000000, 0x0000000800000000)
  region size 4096K, 3 young (12288K), 0 survivors (0K)
 Metaspace       used 2164K, capacity 5261K, committed 5376K, reserved 1056768K
  class space    used 241K, capacity 498K, committed 512K, reserved 1048576K

Heap Regions: E=young(eden), S=young(survivor), O=old, HS=humongous(starts), HC=humongous(continues), CS=collection set, F=free, OA=open archive, CA=closed archive, TAMS=top-at-mark-start (previous, next)
|   0|0x0000000601000000, 0x0000000601000000, 0x0000000601400000|  0%| F|  |TAMS 0x0000000601000000, 0x0000000601000000| Untracked 
|   1|0x0000000601400000, 0x0000000601400000, 0x0000000601800000|  0%| F|  |TAMS 0x0000000601400000, 0x0000000601400000| Untracked 
|   2|0x0000000601800000, 0x0000000601800000, 0x0000000601c00000|  0%| F|  |TAMS 0x0000000601800000, 0x0000000601800000| Untracked 
|   3|0x0000000601c00000, 0x0000000601c00000, 0x0000000602000000|  0%| F|  |TAMS 0x0000000601c00000, 0x0000000601c00000| Untracked 
|   4|0x0000000602000000, 0x0000000602000000, 0x0000000602400000|  0%| F|  |TAMS 0x0000000602000000, 0x0000000602000000| Untracked 
|   5|0x0000000602400000, 0x0000000602400000, 0x0000000602800000|  0%| F|  |TAMS 0x0000000602400000, 0x0000000602400000| Untracked 
|   6|0x0000000602800000, 0x0000000602800000, 0x0000000602c00000|  0%| F|  |TAMS 0x0000000602800000, 0x0000000602800000| Untracked 
|   7|0x0000000602c00000, 0x0000000602c00000, 0x0000000603000000|  0%| F|  |TAMS 0x0000000602c00000, 0x0000000602c00000| Untracked 
|   8|0x0000000603000000, 0x0000000603000000, 0x0000000603400000|  0%| F|  |TAMS 0x0000000603000000, 0x0000000603000000| Untracked 
|   9|0x0000000603400000, 0x0000000603400000, 0x0000000603800000|  0%| F|  |TAMS 0x0000000603400000, 0x0000000603400000| Untracked 
|  10|0x0000000603800000, 0x0000000603800000, 0x0000000603c00000|  0%| F|  |TAMS 0x0000000603800000, 0x0000000603800000| Untracked 
|  11|0x0000000603c00000, 0x0000000603c00000, 0x0000000604000000|  0%| F|  |TAMS 0x0000000603c00000, 0x0000000603c00000| Untracked 
|  12|0x0000000604000000, 0x0000000604000000, 0x0000000604400000|  0%| F|  |TAMS 0x0000000604000000, 0x0000000604000000| Untracked 
|  13|0x0000000604400000, 0x0000000604400000, 0x0000000604800000|  0%| F|  |TAMS 0x0000000604400000, 0x0000000604400000| Untracked 
|  14|0x0000000604800000, 0x0000000604800000, 0x0000000604c00000|  0%| F|  |TAMS 0x0000000604800000, 0x0000000604800000| Untracked 
|  15|0x0000000604c00000, 0x0000000604c00000, 0x0000000605000000|  0%| F|  |TAMS 0x0000000604c00000, 0x0000000604c00000| Untracked 
|  16|0x0000000605000000, 0x0000000605000000, 0x0000000605400000|  0%| F|  |TAMS 0x0000000605000000, 0x0000000605000000| Untracked 
|  17|0x0000000605400000, 0x0000000605400000, 0x0000000605800000|  0%| F|  |TAMS 0x0000000605400000, 0x0000000605400000| Untracked 
|  18|0x0000000605800000, 0x0000000605800000, 0x0000000605c00000|  0%| F|  |TAMS 0x0000000605800000, 0x0000000605800000| Untracked 
|  19|0x0000000605c00000, 0x0000000605c00000, 0x0000000606000000|  0%| F|  |TAMS 0x0000000605c00000, 0x0000000605c00000| Untracked 
|  20|0x0000000606000000, 0x0000000606000000, 0x0000000606400000|  0%| F|  |TAMS 0x0000000606000000, 0x0000000606000000| Untracked 
|  21|0x0000000606400000, 0x0000000606400000, 0x0000000606800000|  0%| F|  |TAMS 0x0000000606400000, 0x0000000606400000| Untracked 
|  22|0x0000000606800000, 0x0000000606800000, 0x0000000606c00000|  0%| F|  |TAMS 0x0000000606800000, 0x0000000606800000| Untracked 
|  23|0x0000000606c00000, 0x0000000606c00000, 0x0000000607000000|  0%| F|  |TAMS 0x0000000606c00000, 0x0000000606c00000| Untracked 
|  24|0x0000000607000000, 0x0000000607000000, 0x0000000607400000|  0%| F|  |TAMS 0x0000000607000000, 0x0000000607000000| Untracked 
|  25|0x0000000607400000, 0x0000000607400000, 0x0000000607800000|  0%| F|  |TAMS 0x0000000607400000, 0x0000000607400000| Untracked 
|  26|0x0000000607800000, 0x0000000607800000, 0x0000000607c00000|  0%| F|  |TAMS 0x0000000607800000, 0x0000000607800000| Untracked 
|  27|0x0000000607c00000, 0x0000000607c00000, 0x0000000608000000|  0%| F|  |TAMS 0x0000000607c00000, 0x0000000607c00000| Untracked 
|  28|0x0000000608000000, 0x0000000608000000, 0x0000000608400000|  0%| F|  |TAMS 0x0000000608000000, 0x0000000608000000| Untracked 
|  29|0x0000000608400000, 0x0000000608400000, 0x0000000608800000|  0%| F|  |TAMS 0x0000000608400000, 0x0000000608400000| Untracked 
|  30|0x0000000608800000, 0x0000000608800000, 0x0000000608c00000|  0%| F|  |TAMS 0x0000000608800000, 0x0000000608800000| Untracked 
|  31|0x0000000608c00000, 0x0000000608c00000, 0x0000000609000000|  0%| F|  |TAMS 0x0000000608c00000, 0x0000000608c00000| Untracked 
|  32|0x0000000609000000, 0x0000000609000000, 0x0000000609400000|  0%| F|  |TAMS 0x0000000609000000, 0x0000000609000000| Untracked 
|  33|0x0000000609400000, 0x0000000609400000, 0x0000000609800000|  0%| F|  |TAMS 0x0000000609400000, 0x0000000609400000| Untracked 
|  34|0x0000000609800000, 0x0000000609800000, 0x0000000609c00000|  0%| F|  |TAMS 0x0000000609800000, 0x0000000609800000| Untracked 
|  35|0x0000000609c00000, 0x0000000609c00000, 0x000000060a000000|  0%| F|  |TAMS 0x0000000609c00000, 0x0000000609c00000| Untracked 
|  36|0x000000060a000000, 0x000000060a000000, 0x000000060a400000|  0%| F|  |TAMS 0x000000060a000000, 0x000000060a000000| Untracked 
|  37|0x000000060a400000, 0x000000060a400000, 0x000000060a800000|  0%| F|  |TAMS 0x000000060a400000, 0x000000060a400000| Untracked 
|  38|0x000000060a800000, 0x000000060a800000, 0x000000060ac00000|  0%| F|  |TAMS 0x000000060a800000, 0x000000060a800000| Untracked 
|  39|0x000000060ac00000, 0x000000060ac00000, 0x000000060b000000|  0%| F|  |TAMS 0x000000060ac00000, 0x000000060ac00000| Untracked 
|  40|0x000000060b000000, 0x000000060b000000, 0x000000060b400000|  0%| F|  |TAMS 0x000000060b000000, 0x000000060b000000| Untracked 
|  41|0x000000060b400000, 0x000000060b400000, 0x000000060b800000|  0%| F|  |TAMS 0x000000060b400000, 0x000000060b400000| Untracked 
|  42|0x000000060b800000, 0x000000060b800000, 0x000000060bc00000|  0%| F|  |TAMS 0x000000060b800000, 0x000000060b800000| Untracked 
|  43|0x000000060bc00000, 0x000000060bc00000, 0x000000060c000000|  0%| F|  |TAMS 0x000000060bc00000, 0x000000060bc00000| Untracked 
|  44|0x000000060c000000, 0x000000060c000000, 0x000000060c400000|  0%| F|  |TAMS 0x000000060c000000, 0x000000060c000000| Untracked 
|  45|0x000000060c400000, 0x000000060c400000, 0x000000060c800000|  0%| F|  |TAMS 0x000000060c400000, 0x000000060c400000| Untracked 
|  46|0x000000060c800000, 0x000000060c800000, 0x000000060cc00000|  0%| F|  |TAMS 0x000000060c800000, 0x000000060c800000| Untracked 
|  47|0x000000060cc00000, 0x000000060cc00000, 0x000000060d000000|  0%| F|  |TAMS 0x000000060cc00000, 0x000000060cc00000| Untracked 
|  48|0x000000060d000000, 0x000000060d000000, 0x000000060d400000|  0%| F|  |TAMS 0x000000060d000000, 0x000000060d000000| Untracked 
|  49|0x000000060d400000, 0x000000060d400000, 0x000000060d800000|  0%| F|  |TAMS 0x000000060d400000, 0x000000060d400000| Untracked 
|  50|0x000000060d800000, 0x000000060d800000, 0x000000060dc00000|  0%| F|  |TAMS 0x000000060d800000, 0x000000060d800000| Untracked 
|  51|0x000000060dc00000, 0x000000060dc00000, 0x000000060e000000|  0%| F|  |TAMS 0x000000060dc00000, 0x000000060dc00000| Untracked 
|  52|0x000000060e000000, 0x000000060e000000, 0x000000060e400000|  0%| F|  |TAMS 0x000000060e000000, 0x000000060e000000| Untracked 
|  53|0x000000060e400000, 0x000000060e400000, 0x000000060e800000|  0%| F|  |TAMS 0x000000060e400000, 0x000000060e400000| Untracked 
|  54|0x000000060e800000, 0x000000060e800000, 0x000000060ec00000|  0%| F|  |TAMS 0x000000060e800000, 0x000000060e800000| Untracked 
|  55|0x000000060ec00000, 0x000000060ec00000, 0x000000060f000000|  0%| F|  |TAMS 0x000000060ec00000, 0x000000060ec00000| Untracked 
|  56|0x000000060f000000, 0x000000060f000000, 0x000000060f400000|  0%| F|  |TAMS 0x000000060f000000, 0x000000060f000000| Untracked 
|  57|0x000000060f400000, 0x000000060f400000, 0x000000060f800000|  0%| F|  |TAMS 0x000000060f400000, 0x000000060f400000| Untracked 
|  58|0x000000060f800000, 0x000000060f800000, 0x000000060fc00000|  0%| F|  |TAMS 0x000000060f800000, 0x000000060f800000| Untracked 
|  59|0x000000060fc00000, 0x000000060fc00000, 0x0000000610000000|  0%| F|  |TAMS 0x000000060fc00000, 0x000000060fc00000| Untracked 
|  60|0x0000000610000000, 0x0000000610000000, 0x0000000610400000|  0%| F|  |TAMS 0x0000000610000000, 0x0000000610000000| Untracked 
|  61|0x0000000610400000, 0x0000000610400000, 0x0000000610800000|  0%| F|  |TAMS 0x0000000610400000, 0x0000000610400000| Untracked 
|  62|0x0000000610800000, 0x0000000610800000, 0x0000000610c00000|  0%| F|  |TAMS 0x0000000610800000, 0x0000000610800000| Untracked 
|  63|0x0000000610c00000, 0x0000000610c00000, 0x0000000611000000|  0%| F|  |TAMS 0x0000000610c00000, 0x0000000610c00000| Untracked 
|  64|0x0000000611000000, 0x0000000611000000, 0x0000000611400000|  0%| F|  |TAMS 0x0000000611000000, 0x0000000611000000| Untracked 
|  65|0x0000000611400000, 0x0000000611400000, 0x0000000611800000|  0%| F|  |TAMS 0x0000000611400000, 0x0000000611400000| Untracked 
|  66|0x0000000611800000, 0x0000000611800000, 0x0000000611c00000|  0%| F|  |TAMS 0x0000000611800000, 0x0000000611800000| Untracked 
|  67|0x0000000611c00000, 0x0000000611c00000, 0x0000000612000000|  0%| F|  |TAMS 0x0000000611c00000, 0x0000000611c00000| Untracked 
|  68|0x0000000612000000, 0x0000000612000000, 0x0000000612400000|  0%| F|  |TAMS 0x0000000612000000, 0x0000000612000000| Untracked 
|  69|0x0000000612400000, 0x0000000612400000, 0x0000000612800000|  0%| F|  |TAMS 0x0000000612400000, 0x0000000612400000| Untracked 
|  70|0x0000000612800000, 0x0000000612800000, 0x0000000612c00000|  0%| F|  |TAMS 0x0000000612800000, 0x0000000612800000| Untracked 
|  71|0x0000000612c00000, 0x0000000612c00000, 0x0000000613000000|  0%| F|  |TAMS 0x0000000612c00000, 0x0000000612c00000| Untracked 
|  72|0x0000000613000000, 0x0000000613000000, 0x0000000613400000|  0%| F|  |TAMS 0x0000000613000000, 0x0000000613000000| Untracked 
|  73|0x0000000613400000, 0x0000000613400000, 0x0000000613800000|  0%| F|  |TAMS 0x0000000613400000, 0x0000000613400000| Untracked 
|  74|0x0000000613800000, 0x0000000613800000, 0x0000000613c00000|  0%| F|  |TAMS 0x0000000613800000, 0x0000000613800000| Untracked 
|  75|0x0000000613c00000, 0x0000000613c00000, 0x0000000614000000|  0%| F|  |TAMS 0x0000000613c00000, 0x0000000613c00000| Untracked 
|  76|0x0000000614000000, 0x0000000614000000, 0x0000000614400000|  0%| F|  |TAMS 0x0000000614000000, 0x0000000614000000| Untracked 
|  77|0x0000000614400000, 0x0000000614400000, 0x0000000614800000|  0%| F|  |TAMS 0x0000000614400000, 0x0000000614400000| Untracked 
|  78|0x0000000614800000, 0x0000000614800000, 0x0000000614c00000|  0%| F|  |TAMS 0x0000000614800000, 0x0000000614800000| Untracked 
|  79|0x0000000614c00000, 0x0000000614c00000, 0x0000000615000000|  0%| F|  |TAMS 0x0000000614c00000, 0x0000000614c00000| Untracked 
|  80|0x0000000615000000, 0x0000000615000000, 0x0000000615400000|  0%| F|  |TAMS 0x0000000615000000, 0x0000000615000000| Untracked 
|  81|0x0000000615400000, 0x0000000615400000, 0x0000000615800000|  0%| F|  |TAMS 0x0000000615400000, 0x0000000615400000| Untracked 
|  82|0x0000000615800000, 0x0000000615800000, 0x0000000615c00000|  0%| F|  |TAMS 0x0000000615800000, 0x0000000615800000| Untracked 
|  83|0x0000000615c00000, 0x0000000615c00000, 0x0000000616000000|  0%| F|  |TAMS 0x0000000615c00000, 0x0000000615c00000| Untracked 
|  84|0x0000000616000000, 0x0000000616000000, 0x0000000616400000|  0%| F|  |TAMS 0x0000000616000000, 0x0000000616000000| Untracked 
|  85|0x0000000616400000, 0x0000000616400000, 0x0000000616800000|  0%| F|  |TAMS 0x0000000616400000, 0x0000000616400000| Untracked 
|  86|0x0000000616800000, 0x0000000616800000, 0x0000000616c00000|  0%| F|  |TAMS 0x0000000616800000, 0x0000000616800000| Untracked 
|  87|0x0000000616c00000, 0x0000000616c00000, 0x0000000617000000|  0%| F|  |TAMS 0x0000000616c00000, 0x0000000616c00000| Untracked 
|  88|0x0000000617000000, 0x0000000617000000, 0x0000000617400000|  0%| F|  |TAMS 0x0000000617000000, 0x0000000617000000| Untracked 
|  89|0x0000000617400000, 0x0000000617400000, 0x0000000617800000|  0%| F|  |TAMS 0x0000000617400000, 0x0000000617400000| Untracked 
|  90|0x0000000617800000, 0x0000000617800000, 0x0000000617c00000|  0%| F|  |TAMS 0x0000000617800000, 0x0000000617800000| Untracked 
|  91|0x0000000617c00000, 0x0000000617c00000, 0x0000000618000000|  0%| F|  |TAMS 0x0000000617c00000, 0x0000000617c00000| Untracked 
|  92|0x0000000618000000, 0x0000000618000000, 0x0000000618400000|  0%| F|  |TAMS 0x0000000618000000, 0x0000000618000000| Untracked 
|  93|0x0000000618400000, 0x0000000618400000, 0x0000000618800000|  0%| F|  |TAMS 0x0000000618400000, 0x0000000618400000| Untracked 
|  94|0x0000000618800000, 0x0000000618800000, 0x0000000618c00000|  0%| F|  |TAMS 0x0000000618800000, 0x0000000618800000| Untracked 
|  95|0x0000000618c00000, 0x0000000618c00000, 0x0000000619000000|  0%| F|  |TAMS 0x0000000618c00000, 0x0000000618c00000| Untracked 
|  96|0x0000000619000000, 0x0000000619000000, 0x0000000619400000|  0%| F|  |TAMS 0x0000000619000000, 0x0000000619000000| Untracked 
|  97|0x0000000619400000, 0x0000000619400000, 0x0000000619800000|  0%| F|  |TAMS 0x0000000619400000, 0x0000000619400000| Untracked 
|  98|0x0000000619800000, 0x0000000619800000, 0x0000000619c00000|  0%| F|  |TAMS 0x0000000619800000, 0x0000000619800000| Untracked 
|  99|0x0000000619c00000, 0x0000000619c00000, 0x000000061a000000|  0%| F|  |TAMS 0x0000000619c00000, 0x0000000619c00000| Untracked 
| 100|0x000000061a000000, 0x000000061a000000, 0x000000061a400000|  0%| F|  |TAMS 0x000000061a000000, 0x000000061a000000| Untracked 
| 101|0x000000061a400000, 0x000000061a400000, 0x000000061a800000|  0%| F|  |TAMS 0x000000061a400000, 0x000000061a400000| Untracked 
| 102|0x000000061a800000, 0x000000061a800000, 0x000000061ac00000|  0%| F|  |TAMS 0x000000061a800000, 0x000000061a800000| Untracked 
| 103|0x000000061ac00000, 0x000000061ac00000, 0x000000061b000000|  0%| F|  |TAMS 0x000000061ac00000, 0x000000061ac00000| Untracked 
| 104|0x000000061b000000, 0x000000061b000000, 0x000000061b400000|  0%| F|  |TAMS 0x000000061b000000, 0x000000061b000000| Untracked 
| 105|0x000000061b400000, 0x000000061b400000, 0x000000061b800000|  0%| F|  |TAMS 0x000000061b400000, 0x000000061b400000| Untracked 
| 106|0x000000061b800000, 0x000000061b800000, 0x000000061bc00000|  0%| F|  |TAMS 0x000000061b800000, 0x000000061b800000| Untracked 
| 107|0x000000061bc00000, 0x000000061bc00000, 0x000000061c000000|  0%| F|  |TAMS 0x000000061bc00000, 0x000000061bc00000| Untracked 
| 108|0x000000061c000000, 0x000000061c000000, 0x000000061c400000|  0%| F|  |TAMS 0x000000061c000000, 0x000000061c000000| Untracked 
| 109|0x000000061c400000, 0x000000061c400000, 0x000000061c800000|  0%| F|  |TAMS 0x000000061c400000, 0x000000061c400000| Untracked 
| 110|0x000000061c800000, 0x000000061c800000, 0x000000061cc00000|  0%| F|  |TAMS 0x000000061c800000, 0x000000061c800000| Untracked 
| 111|0x000000061cc00000, 0x000000061cc00000, 0x000000061d000000|  0%| F|  |TAMS 0x000000061cc00000, 0x000000061cc00000| Untracked 
| 112|0x000000061d000000, 0x000000061d000000, 0x000000061d400000|  0%| F|  |TAMS 0x000000061d000000, 0x000000061d000000| Untracked 
| 113|0x000000061d400000, 0x000000061d400000, 0x000000061d800000|  0%| F|  |TAMS 0x000000061d400000, 0x000000061d400000| Untracked 
| 114|0x000000061d800000, 0x000000061d800000, 0x000000061dc00000|  0%| F|  |TAMS 0x000000061d800000, 0x000000061d800000| Untracked 
| 115|0x000000061dc00000, 0x000000061dc00000, 0x000000061e000000|  0%| F|  |TAMS 0x000000061dc00000, 0x000000061dc00000| Untracked 
| 116|0x000000061e000000, 0x000000061e000000, 0x000000061e400000|  0%| F|  |TAMS 0x000000061e000000, 0x000000061e000000| Untracked 
| 117|0x000000061e400000, 0x000000061e400000, 0x000000061e800000|  0%| F|  |TAMS 0x000000061e400000, 0x000000061e400000| Untracked 
| 118|0x000000061e800000, 0x000000061e800000, 0x000000061ec00000|  0%| F|  |TAMS 0x000000061e800000, 0x000000061e800000| Untracked 
| 119|0x000000061ec00000, 0x000000061ec00000, 0x000000061f000000|  0%| F|  |TAMS 0x000000061ec00000, 0x000000061ec00000| Untracked 
| 120|0x000000061f000000, 0x000000061f000000, 0x000000061f400000|  0%| F|  |TAMS 0x000000061f000000, 0x000000061f000000| Untracked 
| 121|0x000000061f400000, 0x000000061f400000, 0x000000061f800000|  0%| F|  |TAMS 0x000000061f400000, 0x000000061f400000| Untracked 
| 122|0x000000061f800000, 0x000000061f800000, 0x000000061fc00000|  0%| F|  |TAMS 0x000000061f800000, 0x000000061f800000| Untracked 
| 123|0x000000061fc00000, 0x000000061fc00000, 0x0000000620000000|  0%| F|  |TAMS 0x000000061fc00000, 0x000000061fc00000| Untracked 
| 124|0x0000000620000000, 0x0000000620000000, 0x0000000620400000|  0%| F|  |TAMS 0x0000000620000000, 0x0000000620000000| Untracked 
| 125|0x0000000620400000, 0x00000006206ed738, 0x0000000620800000| 73%| E|  |TAMS 0x0000000620400000, 0x0000000620400000| Complete 
| 126|0x0000000620800000, 0x0000000620c00000, 0x0000000620c00000|100%| E|CS|TAMS 0x0000000620800000, 0x0000000620800000| Complete 
| 127|0x0000000620c00000, 0x0000000621000000, 0x0000000621000000|100%| E|  |TAMS 0x0000000620c00000, 0x0000000620c00000| Complete 

Card table byte_map: [0x000001d2a3600000,0x000001d2a4600000] _byte_map_base: 0x000001d2a05f8000

Marking Bits (Prev, Next): (CMBitMap*) 0x000001d28abd9500, (CMBitMap*) 0x000001d28abd9540
 Prev Bits: [0x000001d2a5600000, 0x000001d2ad5c0000)
 Next Bits: [0x000001d2ad5c0000, 0x000001d2b5580000)

Polling page: 0x000001d288930000

Metaspace:

Usage:
  Non-class:      4.65 MB capacity,     1.88 MB ( 40%) used,     2.77 MB ( 60%) free+waste,     2.00 KB ( <1%) overhead. 
      Class:    498.00 KB capacity,   241.36 KB ( 48%) used,   255.52 KB ( 51%) free+waste,     1.13 KB ( <1%) overhead. 
       Both:      5.14 MB capacity,     2.11 MB ( 41%) used,     3.02 MB ( 59%) free+waste,     3.13 KB ( <1%) overhead. 

Virtual space:
  Non-class space:        8.00 MB reserved,       4.75 MB ( 59%) committed 
      Class space:        1.00 GB reserved,     512.00 KB ( <1%) committed 
             Both:        1.01 GB reserved,       5.25 MB ( <1%) committed 

Chunk freelists:
   Non-Class:  37.00 KB
       Class:  14.00 KB
        Both:  51.00 KB

MaxMetaspaceSize: 17179869184.00 GB
CompressedClassSpaceSize: 1.00 GB

CodeHeap 'non-profiled nmethods': size=119168Kb used=192Kb max_used=192Kb free=118975Kb
 bounds [0x000001d29a920000, 0x000001d29ab90000, 0x000001d2a1d80000]
CodeHeap 'profiled nmethods': size=119104Kb used=860Kb max_used=860Kb free=118243Kb
 bounds [0x000001d2934d0000, 0x000001d293740000, 0x000001d29a920000]
CodeHeap 'non-nmethods': size=7488Kb used=1218Kb max_used=2930Kb free=6269Kb
 bounds [0x000001d292d80000, 0x000001d293060000, 0x000001d2934d0000]
 total_blobs=942 nmethods=563 adapters=292
 compilation: enabled
              stopped_count=0, restarted_count=0
 full_count=0

Compilation events (20 events):
Event: 0.197 Thread 0x000001d2b8f43fa0 nmethod 533 0x000001d293594990 code [0x000001d293594b40, 0x000001d293594d08]
Event: 0.198 Thread 0x000001d2b8f43fa0  534       3       jdk.internal.org.objectweb.asm.MethodWriter::visitMethodInsn (191 bytes)
Event: 0.198 Thread 0x000001d2b8440d30  535       3       jdk.internal.org.objectweb.asm.SymbolTable::addConstantMethodref (24 bytes)
Event: 0.198 Thread 0x000001d2b8440d30 nmethod 535 0x000001d293594e10 code [0x000001d293594fc0, 0x000001d293595188]
Event: 0.199 Thread 0x000001d2b8f43fa0 nmethod 534 0x000001d293595290 code [0x000001d2935954c0, 0x000001d293595c68]
Event: 0.199 Thread 0x000001d2b83fe5c0  537       1       jdk.internal.org.objectweb.asm.MethodWriter::hasAsmInstructions (5 bytes)
Event: 0.199 Thread 0x000001d2b8f46770  538       3       jdk.internal.org.objectweb.asm.Handler::getExceptionTableSize (10 bytes)
Event: 0.199 Thread 0x000001d2b83fe5c0 nmethod 537 0x000001d29a94a610 code [0x000001d29a94a7a0, 0x000001d29a94a858]
Event: 0.199 Thread 0x000001d2b8f46770 nmethod 538 0x000001d293595f90 code [0x000001d293596140, 0x000001d293596338]
Event: 0.199 Thread 0x000001d2b8432f10 nmethod 530% 0x000001d29a94a910 code [0x000001d29a94aac0, 0x000001d29a94b378]
Event: 0.202 Thread 0x000001d2b8f46770  539       3       sun.net.www.protocol.file.Handler::parseURL (18 bytes)
Event: 0.202 Thread 0x000001d2b8440d30  540       3       java.net.URLStreamHandler::parseURL (1201 bytes)
Event: 0.202 Thread 0x000001d2b8f46770 nmethod 539 0x000001d293596490 code [0x000001d293596640, 0x000001d2935967d8]
Event: 0.202 Thread 0x000001d2b8f49ca0  541       4       java.lang.String::getBytes (44 bytes)
Event: 0.203 Thread 0x000001d2b8f43fa0  542       3       java.nio.Buffer::position (52 bytes)
Event: 0.203 Thread 0x000001d2b8432f10  543       4       java.lang.String::startsWith (138 bytes)
Event: 0.203 Thread 0x000001d2b8f43fa0 nmethod 542 0x000001d293596910 code [0x000001d293596ac0, 0x000001d293596d68]
Event: 0.203 Thread 0x000001d2b8f49ca0 nmethod 541 0x000001d29a94b710 code [0x000001d29a94b8a0, 0x000001d29a94ba78]
Event: 0.205 Thread 0x000001d2b8432f10 nmethod 543 0x000001d29a94bc10 code [0x000001d29a94bda0, 0x000001d29a94c0b8]
Event: 0.211 Thread 0x000001d2b8440d30 nmethod 540 0x000001d293596e90 code [0x000001d293598060, 0x000001d2935a2b08]

GC Heap History (0 events):
No events

Deoptimization events (8 events):
Event: 0.121 Thread 0x000001d28ab61af0 Uncommon trap: trap_request=0xffffff45 fr.pc=0x000001d29a924274 relative=0x00000000000000d4
Event: 0.121 Thread 0x000001d28ab61af0 Uncommon trap: reason=unstable_if action=reinterpret pc=0x000001d29a924274 method=java.lang.String.isLatin1()Z @ 10 c2
Event: 0.121 Thread 0x000001d28ab61af0 DEOPT PACKING pc=0x000001d29a924274 sp=0x000000a0308ff200
Event: 0.121 Thread 0x000001d28ab61af0 DEOPT UNPACKING pc=0x000001d292dce42f sp=0x000000a0308ff150 mode 2
Event: 0.179 Thread 0x000001d28ab61af0 Uncommon trap: trap_request=0xffffffde fr.pc=0x000001d29a92dd7c relative=0x000000000000059c
Event: 0.179 Thread 0x000001d28ab61af0 Uncommon trap: reason=class_check action=maybe_recompile pc=0x000001d29a92dd7c method=java.util.HashMap.putVal(ILjava/lang/Object;Ljava/lang/Object;ZZ)Ljava/lang/Object; @ 253 c2
Event: 0.179 Thread 0x000001d28ab61af0 DEOPT PACKING pc=0x000001d29a92dd7c sp=0x000000a0308fe9f0
Event: 0.179 Thread 0x000001d28ab61af0 DEOPT UNPACKING pc=0x000001d292dce42f sp=0x000000a0308fe9a0 mode 2

Classes unloaded (0 events):
No events

Classes redefined (20 events):
Event: 778.669 Thread 0x000001d2b84129f0 redefined class name=hashmap.MyHashMap$Node, count=3
Event: 778.669 Thread 0x000001d2b84129f0 redefined class name=hashmap.MyHashMap, count=3
Event: 809.957 Thread 0x000001d2b84129f0 redefined class name=hashmap.MyHashMap$Node, count=4
Event: 809.957 Thread 0x000001d2b84129f0 redefined class name=hashmap.MyHashMap, count=4
Event: 2111.063 Thread 0x000001d2b84129f0 redefined class name=hashmap.MyHashMap$Node, count=5
Event: 2111.063 Thread 0x000001d2b84129f0 redefined class name=hashmap.MyHashMap, count=5
Event: 2235.477 Thread 0x000001d2b84129f0 redefined class name=hashmap.MyHashMap$Node, count=6
Event: 2235.477 Thread 0x000001d2b84129f0 redefined class name=hashmap.MyHashMap, count=6
Event: 2981.670 Thread 0x000001d2b84129f0 redefined class name=hashmap.MyHashMap$Node, count=7
Event: 2981.670 Thread 0x000001d2b84129f0 redefined class name=hashmap.MyHashMap, count=7
Event: 4627.768 Thread 0x000001d2b84129f0 redefined class name=hashmap.MyHashMap$Node, count=8
Event: 4627.768 Thread 0x000001d2b84129f0 redefined class name=hashmap.MyHashMap, count=8
Event: 5812.017 Thread 0x000001d2b84129f0 redefined class name=hashmap.MyHashMap$Node, count=9
Event: 5812.017 Thread 0x000001d2b84129f0 redefined class name=hashmap.MyHashMap, count=9
Event: 5851.093 Thread 0x000001d2b84129f0 redefined class name=hashmap.MyHashMap$Node, count=10
Event: 5851.093 Thread 0x000001d2b84129f0 redefined class name=hashmap.MyHashMap, count=10
Event: 10100.863 Thread 0x000001d2b84129f0 redefined class name=hashmap.MyHashMap$Node, count=11
Event: 10100.863 Thread 0x000001d2b84129f0 redefined class name=hashmap.MyHashMap, count=11
Event: 10141.038 Thread 0x000001d2b84129f0 redefined class name=hashmap.MyHashMap$Node, count=12
Event: 10141.038 Thread 0x000001d2b84129f0 redefined class name=hashmap.MyHashMap, count=12

Internal exceptions (4 events):
Event: 0.127 Thread 0x000001d28ab61af0 Exception <a 'java/io/FileNotFoundException'{0x0000000620adf258}> (0x0000000620adf258) 
thrown [./open/src/hotspot/share/prims/jni.cpp, line 578]
Event: 0.172 Thread 0x000001d28ab61af0 Exception <a 'java/lang/NoSuchMethodError'{0x000000062054d780}: 'java.lang.Object java.lang.invoke.DirectMethodHandle$Holder.invokeInterface(java.lang.Object, java.lang.Object)'> (0x000000062054d780) 
thrown [./open/src/hotspot/share/interpreter/linkResolver.cpp, line 782]
Event: 0.172 Thread 0x000001d28ab61af0 Exception <a 'java/lang/IncompatibleClassChangeError'{0x0000000620552d88}: Found class java.lang.Object, but interface was expected> (0x0000000620552d88) 
thrown [./open/src/hotspot/share/interpreter/linkResolver.cpp, line 848]
Event: 0.185 Thread 0x000001d28ab61af0 Exception <a 'java/lang/NoSuchMethodError'{0x00000006205db1f8}: 'java.lang.Object java.lang.invoke.DirectMethodHandle$Holder.newInvokeSpecial(java.lang.Object, java.lang.Object, java.lang.Object, java.lang.Object, java.lang.Object)'> (0x00000006205db1f8) 
thrown [./open/src/hotspot/share/interpreter/linkResolver.cpp, line 782]

Events (20 events):
Event: 10141.207 Executing VM operation: GetFrameCount
Event: 10141.207 Executing VM operation: GetFrameCount done
Event: 10141.207 Executing VM operation: GetStackTrace
Event: 10141.207 Executing VM operation: GetStackTrace done
Event: 10141.207 Executing VM operation: GetFrameCount
Event: 10141.207 Executing VM operation: GetFrameCount done
Event: 10141.207 Executing VM operation: GetStackTrace
Event: 10141.207 Executing VM operation: GetStackTrace done
Event: 10141.207 Executing VM operation: GetFrameCount
Event: 10141.207 Executing VM operation: GetFrameCount done
Event: 10141.207 Executing VM operation: GetStackTrace
Event: 10141.208 Executing VM operation: GetStackTrace done
Event: 10863.572 Executing VM operation: ChangeBreakpoints
Event: 10863.572 Executing VM operation: ChangeBreakpoints done
Event: 10863.572 Thread 0x000001d2b8fb54e0 Thread exited: 0x000001d2b8fb54e0
Event: 10863.572 Executing VM operation: ChangeBreakpoints
Event: 10863.572 Executing VM operation: ChangeBreakpoints done
Event: 10863.572 Executing VM operation: ChangeBreakpoints
Event: 10863.572 Executing VM operation: ChangeBreakpoints done
Event: 10863.573 Thread 0x000001d2b8f78b80 Thread exited: 0x000001d2b8f78b80


Dynamic libraries:
0x00007ff6fb700000 - 0x00007ff6fb70d000 	C:\Users\jared\.jdks\openjdk-15.0.2\bin\java.exe
0x00007ff9abe20000 - 0x00007ff9ac010000 	C:\WINDOWS\SYSTEM32\ntdll.dll
0x00007ff9abd20000 - 0x00007ff9abdd2000 	C:\WINDOWS\System32\KERNEL32.DLL
0x00007ff9a8da0000 - 0x00007ff9a9045000 	C:\WINDOWS\System32\KERNELBASE.dll
0x00007ff9a9cd0000 - 0x00007ff9a9dca000 	C:\WINDOWS\System32\ucrtbase.dll
0x00007ff99c860000 - 0x00007ff99c879000 	C:\Users\jared\.jdks\openjdk-15.0.2\bin\VCRUNTIME140.dll
0x00007ff99c880000 - 0x00007ff99c898000 	C:\Users\jared\.jdks\openjdk-15.0.2\bin\jli.dll
0x00007ff9aa240000 - 0x00007ff9aa3d4000 	C:\WINDOWS\System32\USER32.dll
0x00007ff99bc70000 - 0x00007ff99bef4000 	C:\WINDOWS\WinSxS\amd64_microsoft.windows.common-controls_6595b64144ccf1df_6.0.18362.1379_none_9e7ff3b3e45cc0c4\COMCTL32.dll
0x00007ff9a9ca0000 - 0x00007ff9a9cc1000 	C:\WINDOWS\System32\win32u.dll
0x00007ff9aaa70000 - 0x00007ff9aab0e000 	C:\WINDOWS\System32\msvcrt.dll
0x00007ff9ab580000 - 0x00007ff9ab5a6000 	C:\WINDOWS\System32\GDI32.dll
0x00007ff9ab830000 - 0x00007ff9abb67000 	C:\WINDOWS\System32\combase.dll
0x00007ff9aac00000 - 0x00007ff9aad1f000 	C:\WINDOWS\System32\RPCRT4.dll
0x00007ff9a9a40000 - 0x00007ff9a9bd8000 	C:\WINDOWS\System32\gdi32full.dll
0x00007ff9a9dd0000 - 0x00007ff9a9e6e000 	C:\WINDOWS\System32\msvcp_win.dll
0x00007ff9a9c10000 - 0x00007ff9a9c91000 	C:\WINDOWS\System32\bcryptPrimitives.dll
0x00007ff9ab6f0000 - 0x00007ff9ab71e000 	C:\WINDOWS\System32\IMM32.DLL
0x00007ff99c850000 - 0x00007ff99c85c000 	C:\Users\jared\.jdks\openjdk-15.0.2\bin\vcruntime140_1.dll
0x00007ff9722c0000 - 0x00007ff972351000 	C:\Users\jared\.jdks\openjdk-15.0.2\bin\msvcp140.dll
0x00007ff935d70000 - 0x00007ff9368ce000 	C:\Users\jared\.jdks\openjdk-15.0.2\bin\server\jvm.dll
0x00007ff9ab780000 - 0x00007ff9ab823000 	C:\WINDOWS\System32\ADVAPI32.dll
0x00007ff9aa3e0000 - 0x00007ff9aa477000 	C:\WINDOWS\System32\sechost.dll
0x00007ff9aae80000 - 0x00007ff9aae88000 	C:\WINDOWS\System32\PSAPI.DLL
0x00007ff988c80000 - 0x00007ff988c89000 	C:\WINDOWS\SYSTEM32\WSOCK32.dll
0x00007ff99f1c0000 - 0x00007ff99f1ca000 	C:\WINDOWS\SYSTEM32\VERSION.dll
0x00007ff9a3c50000 - 0x00007ff9a3c74000 	C:\WINDOWS\SYSTEM32\WINMM.dll
0x00007ff9aa980000 - 0x00007ff9aa9ef000 	C:\WINDOWS\System32\WS2_32.dll
0x00007ff9a3ad0000 - 0x00007ff9a3afd000 	C:\WINDOWS\SYSTEM32\winmmbase.dll
0x00007ff9a9940000 - 0x00007ff9a998a000 	C:\WINDOWS\System32\cfgmgr32.dll
0x00007ff9a8d30000 - 0x00007ff9a8d41000 	C:\WINDOWS\System32\kernel.appcore.dll
0x00007ff99b460000 - 0x00007ff99b46a000 	C:\Users\jared\.jdks\openjdk-15.0.2\bin\jimage.dll
0x00007ff9a7690000 - 0x00007ff9a7884000 	C:\WINDOWS\SYSTEM32\DBGHELP.DLL
0x00007ff98e330000 - 0x00007ff98e35a000 	C:\WINDOWS\SYSTEM32\dbgcore.DLL
0x00007ff982f50000 - 0x00007ff982f89000 	C:\Users\jared\.jdks\openjdk-15.0.2\bin\jdwp.dll
0x00007ff99ad70000 - 0x00007ff99ad7e000 	C:\Users\jared\.jdks\openjdk-15.0.2\bin\instrument.dll
0x00007ff99b420000 - 0x00007ff99b445000 	C:\Users\jared\.jdks\openjdk-15.0.2\bin\java.dll
0x00007ff9aae90000 - 0x00007ff9ab578000 	C:\WINDOWS\System32\SHELL32.dll
0x00007ff9a9ff0000 - 0x00007ff9aa097000 	C:\WINDOWS\System32\shcore.dll
0x00007ff9a91a0000 - 0x00007ff9a991b000 	C:\WINDOWS\System32\windows.storage.dll
0x00007ff9a8d50000 - 0x00007ff9a8d73000 	C:\WINDOWS\System32\profapi.dll
0x00007ff9a8ce0000 - 0x00007ff9a8d2a000 	C:\WINDOWS\System32\powrprof.dll
0x00007ff9a8cd0000 - 0x00007ff9a8ce0000 	C:\WINDOWS\System32\UMPDC.dll
0x00007ff9aa900000 - 0x00007ff9aa952000 	C:\WINDOWS\System32\shlwapi.dll
0x00007ff9a9920000 - 0x00007ff9a9937000 	C:\WINDOWS\System32\cryptsp.dll
0x00007ff999fd0000 - 0x00007ff999fdb000 	C:\Users\jared\.jdks\openjdk-15.0.2\bin\dt_socket.dll
0x00007ff9a8220000 - 0x00007ff9a825a000 	C:\WINDOWS\SYSTEM32\IPHLPAPI.DLL
0x00007ff9a8510000 - 0x00007ff9a8577000 	C:\WINDOWS\system32\mswsock.dll
0x00007ff99a310000 - 0x00007ff99a328000 	C:\Users\jared\.jdks\openjdk-15.0.2\bin\zip.dll
0x00007ff99b400000 - 0x00007ff99b419000 	C:\Users\jared\.jdks\openjdk-15.0.2\bin\net.dll
0x00007ff9a36d0000 - 0x00007ff9a37c0000 	C:\WINDOWS\SYSTEM32\WINHTTP.dll
0x00007ff99b3e0000 - 0x00007ff99b3f2000 	C:\Users\jared\.jdks\openjdk-15.0.2\bin\nio.dll
0x00007ff999fe0000 - 0x00007ff999ff0000 	C:\Users\jared\.jdks\openjdk-15.0.2\bin\verify.dll

dbghelp: loaded successfully - version: 4.0.5 - missing functions: none
symbol engine: initialized successfully - sym options: 0x614 - pdb path: .;C:\Users\jared\.jdks\openjdk-15.0.2\bin;C:\WINDOWS\SYSTEM32;C:\WINDOWS\WinSxS\amd64_microsoft.windows.common-controls_6595b64144ccf1df_6.0.18362.1379_none_9e7ff3b3e45cc0c4;C:\Users\jared\.jdks\openjdk-15.0.2\bin\server

VM Arguments:
jvm_args: -agentlib:jdwp=transport=dt_socket,address=127.0.0.1:55007,suspend=y,server=n -ea -Didea.test.cyclic.buffer.size=1048576 -javaagent:C:\Users\jared\AppData\Local\JetBrains\IdeaIC2020.3\captureAgent\debugger-agent.jar -Dfile.encoding=UTF-8 
java_command: com.intellij.rt.junit.JUnitStarter -ideVersion5 -junit4 hashmap.TestMyHashMap,sanityClearTest
java_class_path (initial): C:\Program Files\JetBrains\IntelliJ IDEA Community Edition 2020.3.1\lib\idea_rt.jar;C:\Program Files\JetBrains\IntelliJ IDEA Community Edition 2020.3.1\plugins\junit\lib\junit5-rt.jar;C:\Program Files\JetBrains\IntelliJ IDEA Community Edition 2020.3.1\plugins\junit\lib\junit-rt.jar;C:\Users\jared\Desktop\cs61b\sp21-s1337\lab8\target\classes;C:\Users\jared\Desktop\cs61b\sp21-s1337\library-sp21\javalib\CS61B\Jama-1.0.3.jar\1.0.3\Jama-1.0.3.jar-1.0.3.jar;C:\Users\jared\Desktop\cs61b\sp21-s1337\library-sp21\javalib\CS61B\algs4.jar\1.0\algs4.jar-1.0.jar;C:\Users\jared\Desktop\cs61b\sp21-s1337\library-sp21\javalib\CS61B\checkstyle-5.9-all.jar\5.9\checkstyle-5.9-all.jar-5.9.jar;C:\Users\jared\Desktop\cs61b\sp21-s1337\library-sp21\javalib\CS61B\checkstyle-7.4-all.jar\7.4\checkstyle-7.4-all.jar-7.4.jar;C:\Users\jared\Desktop\cs61b\sp21-s1337\library-sp21\javalib\CS61B\classmexer.jar\1.0\classmexer.jar-1.0.jar;C:\Users\jared\Desktop\cs61b\sp21-s1337\library-sp21\javalib\CS61B\commons-math3-3.6.jar\3.6\commons-math3-3.6.jar-3.6.jar;C:\Users\jared\Desktop\cs61b\sp21-s1337\library-sp21\javalib\CS61B\gjdb.jar\1.0\gjdb.jar-1.0.jar;C:\Users\jared\Desktop\cs61b\sp21-s1337\library-sp21\javalib\CS61B\gson-2.8.2.jar\2.8.2\gson-2.8.2.jar-2.8.2.jar;C:\Users\jared\Desktop\cs61b\sp21-s1337\library-sp21\javalib\CS61B\hamcrest-core-1.3.jar\1.3\hamcrest-core-1.3.jar-1.3.jar;C:\Users\jared\Desktop\cs61b\sp21-s1337\library-sp21\javalib\CS61B\jetty-http-9.4.15.v20190215.jar\9.4.15\jetty-http-9.4.15.v20190215.jar-9.4.15.jar;C:\Users\jared\Desktop\cs61b\sp21-s1337\library-sp21\javalib\CS61B\jetty-io-9.4.15.v20190215.jar\9.4.15\jetty-io-9.4.15.v20190215.jar-9.4.15.jar;C:\Users\jared\Desktop\cs61b\sp21-s1337\library-sp21\javalib\CS61B\jetty-server-9.4.15.v20190215.jar\9.4.15\jetty-server-9.4.15.v20190215.jar-9.4.15.jar;C:\Users\jared\Desktop\cs61b\sp21-s1337\library-sp21\javalib\CS61B\jetty-util-9.4.15.v20190215.jar\9.4.15\jetty-util-9.4.15.v20190215.jar-9.4.15.jar;C:\Us
Launcher Type: SUN_STANDARD

[Global flags]
     intx CICompilerCount                          = 12                                        {product} {ergonomic}
     uint ConcGCThreads                            = 3                                         {product} {ergonomic}
     uint G1ConcRefinementThreads                  = 13                                        {product} {ergonomic}
   size_t G1HeapRegionSize                         = 4194304                                   {product} {ergonomic}
    uintx GCDrainStackTargetSize                   = 64                                        {product} {ergonomic}
   size_t InitialHeapSize                          = 536870912                                 {product} {ergonomic}
   size_t MarkStackSize                            = 4194304                                   {product} {ergonomic}
   size_t MaxHeapSize                              = 8573157376                                {product} {ergonomic}
   size_t MaxNewSize                               = 5142216704                                {product} {ergonomic}
   size_t MinHeapDeltaBytes                        = 4194304                                   {product} {ergonomic}
   size_t MinHeapSize                              = 8388608                                   {product} {ergonomic}
    uintx NonNMethodCodeHeapSize                   = 7602480                                {pd product} {ergonomic}
    uintx NonProfiledCodeHeapSize                  = 122027880                              {pd product} {ergonomic}
    uintx ProfiledCodeHeapSize                     = 122027880                              {pd product} {ergonomic}
    uintx ReservedCodeCacheSize                    = 251658240                              {pd product} {ergonomic}
     bool SegmentedCodeCache                       = true                                      {product} {ergonomic}
   size_t SoftMaxHeapSize                          = 8573157376                             {manageable} {ergonomic}
     bool UseCompressedClassPointers               = true                                 {lp64_product} {ergonomic}
     bool UseCompressedOops                        = true                                 {lp64_product} {ergonomic}
     bool UseG1GC                                  = true                                      {product} {ergonomic}
     bool UseLargePagesIndividualAllocation        = false                                  {pd product} {ergonomic}

Logging:
Log output configuration:
 #0: stdout all=warning uptime,level,tags
 #1: stderr all=off uptime,level,tags

Environment Variables:
JAVA_HOME=C:\Program Files\AdoptOpenJDK\jdk-15.0.1.9-hotspot\
PATH=C:\Program Files\AdoptOpenJDK\jdk-15.0.1.9-hotspot\bin;C:\Program Files (x86)\Common Files\Intel\Shared Libraries\redist\intel64_win\compiler;C:\Users\jared\AppData\Roaming\Microsoft\Windows\Start Menu\Programs\Python 3.7;C:\Program Files (x86)\QuickTime\QTSystem\;C:\WINDOWS\system32;C:\WINDOWS;C:\WINDOWS\System32\Wbem;C:\WINDOWS\System32\WindowsPowerShell\v1.0\;C:\WINDOWS\System32\OpenSSH\;C:\Program Files\dotnet\;C:\Program Files\NVIDIA Corporation\NVIDIA NvDLISR;C:\Program Files\nodejs\;C:\Program Files\Git\cmd;C:\Program Files (x86)\Windows Kits\8.1\Windows Performance Toolkit\;C:\Users\jared\AppData\Local\Programs\Python\Python39\Scripts\;C:\Users\jared\AppData\Local\Programs\Python\Python39\;C:\Users\jared\AppData\Local\Programs\Python\Python38\Scripts\;C:\Users\jared\AppData\Local\Programs\Python\Python38\;C:\Users\jared\AppData\Local\Programs\Python\Python37-32\Scripts\;C:\Users\jared\AppData\Local\Programs\Python\Python37-32\;C:\Program Files (x86)\Java\jdk1.8.0_181\bin;C:\Users\jared\AppData\Local\Programs\Microsoft VS Code\bin;C:\ffmpeg\bin;C:\Users\jared\AppData\Local\Microsoft\WindowsApps;C:\Users\jared\AppData\Roaming\npm;C:\Program Files\JetBrains\IntelliJ IDEA Community Edition 2020.3.1\bin;
USERNAME=jared
OS=Windows_NT
PROCESSOR_IDENTIFIER=AMD64 Family 23 Model 113 Stepping 0, AuthenticAMD



---------------  S Y S T E M  ---------------

OS:
 Windows 10 , 64 bit Build 18362 (10.0.18362.1350)
OS uptime: 5 days 7:01 hours

CPU: total 16 (initial active 16) (16 cores per cpu, 2 threads per core) family 23 model 113 stepping 0 microcode 0x0, cmov, cx8, fxsr, mmx, sse, sse2, sse3, ssse3, sse4.1, sse4.2, popcnt, vzeroupper, avx, avx2, aes, clmul, 3dnowpref, lzcnt, sse4a, ht, tsc, tscinvbit, tscinv, bmi1, bmi2, adx, sha, fma, clflush, clflushopt

Memory: 4k page, system-wide physical 32694M (18020M free)
TotalPageFile size 37558M (AvailPageFile size 13972M)
current process WorkingSet (physical memory assigned to process): 29M, peak: 50M
current process commit charge ("private bytes"): 632M, peak: 632M

vm_info: OpenJDK 64-Bit Server VM (15.0.2+7-27) for windows-amd64 JRE (15.0.2+7-27), built on Dec  7 2020 20:02:38 by "mach5one" with unknown MS VC++:1925

END.
